<?xml version="1.0" encoding="UTF-8"?>
<testsuites>
  <testsuite name="Project Test Suite" tests="36" assertions="61" failures="0" errors="0" time="30.524496">
    <testsuite name="Tests\Command\AddUserCommandTest" file="C:\xampp\htdocs\symjenk\tests\AppBundle\Command\AddUserCommandTest.php" tests="2" assertions="10" failures="0" errors="0" time="6.001908">
      <testsuite name="Tests\Command\AddUserCommandTest::testCreateUserNonInteractive" tests="2" assertions="10" failures="0" errors="0" time="6.001908">
        <testcase name="testCreateUserNonInteractive with data set #0" assertions="5" time="4.787961"/>
        <testcase name="testCreateUserNonInteractive with data set #1" assertions="5" time="1.213947"/>
      </testsuite>
    </testsuite>
    <testsuite name="Tests\AppBundle\Controller\Admin\BlogControllerTest" file="C:\xampp\htdocs\symjenk\tests\AppBundle\Controller\Admin\BlogControllerTest.php" tests="9" assertions="15" failures="0" errors="0" time="19.628055">
      <testsuite name="Tests\AppBundle\Controller\Admin\BlogControllerTest::testAccessDeniedForRegularUsers" tests="4" assertions="4" failures="0" errors="0" time="8.427947">
        <testcase name="testAccessDeniedForRegularUsers with data set #0" assertions="1" time="5.726394"/>
        <testcase name="testAccessDeniedForRegularUsers with data set #1" assertions="1" time="0.887946"/>
        <testcase name="testAccessDeniedForRegularUsers with data set #2" assertions="1" time="0.892211"/>
        <testcase name="testAccessDeniedForRegularUsers with data set #3" assertions="1" time="0.921396"/>
      </testsuite>
      <testcase name="testAdminBackendHomePage" class="Tests\AppBundle\Controller\Admin\BlogControllerTest" file="C:\xampp\htdocs\symjenk\tests\AppBundle\Controller\Admin\BlogControllerTest.php" line="60" assertions="2" time="2.603551"/>
      <testcase name="testAdminNewPost" class="Tests\AppBundle\Controller\Admin\BlogControllerTest" file="C:\xampp\htdocs\symjenk\tests\AppBundle\Controller\Admin\BlogControllerTest.php" line="83" assertions="4" time="4.281538"/>
      <testcase name="testAdminShowPost" class="Tests\AppBundle\Controller\Admin\BlogControllerTest" file="C:\xampp\htdocs\symjenk\tests\AppBundle\Controller\Admin\BlogControllerTest.php" line="111" assertions="1" time="2.172028"/>
      <testcase name="testAdminEditPost" class="Tests\AppBundle\Controller\Admin\BlogControllerTest" file="C:\xampp\htdocs\symjenk\tests\AppBundle\Controller\Admin\BlogControllerTest.php" line="128" assertions="2" time="1.129973"/>
      <testcase name="testAdminDeletePost" class="Tests\AppBundle\Controller\Admin\BlogControllerTest" file="C:\xampp\htdocs\symjenk\tests\AppBundle\Controller\Admin\BlogControllerTest.php" line="155" assertions="2" time="1.013018"/>
    </testsuite>
    <testsuite name="Tests\AppBundle\Controller\BlogControllerTest" file="C:\xampp\htdocs\symjenk\tests\AppBundle\Controller\BlogControllerTest.php" tests="3" assertions="6" failures="0" errors="0" time="3.713532">
      <testcase name="testIndex" class="Tests\AppBundle\Controller\BlogControllerTest" file="C:\xampp\htdocs\symjenk\tests\AppBundle\Controller\BlogControllerTest.php" line="33" assertions="1" time="1.610520"/>
      <testcase name="testRss" class="Tests\AppBundle\Controller\BlogControllerTest" file="C:\xampp\htdocs\symjenk\tests\AppBundle\Controller\BlogControllerTest.php" line="45" assertions="2" time="0.109524"/>
      <testcase name="testNewComment" class="Tests\AppBundle\Controller\BlogControllerTest" file="C:\xampp\htdocs\symjenk\tests\AppBundle\Controller\BlogControllerTest.php" line="68" assertions="3" time="1.993488"/>
    </testsuite>
    <testsuite name="Tests\AppBundle\Controller\DefaultControllerTest" file="C:\xampp\htdocs\symjenk\tests\AppBundle\Controller\DefaultControllerTest.php" tests="8" assertions="12" failures="0" errors="0" time="0.845533">
      <testsuite name="Tests\AppBundle\Controller\DefaultControllerTest::testPublicUrls" tests="3" assertions="3" failures="0" errors="0" time="0.429781">
        <testcase name="testPublicUrls with data set #0" assertions="1" time="0.158626"/>
        <testcase name="testPublicUrls with data set #1" assertions="1" time="0.114764"/>
        <testcase name="testPublicUrls with data set #2" assertions="1" time="0.156391"/>
      </testsuite>
      <testcase name="testPublicBlogPost" class="Tests\AppBundle\Controller\DefaultControllerTest" file="C:\xampp\htdocs\symjenk\tests\AppBundle\Controller\DefaultControllerTest.php" line="56" assertions="1" time="0.114273"/>
      <testsuite name="Tests\AppBundle\Controller\DefaultControllerTest::testSecureUrls" tests="4" assertions="8" failures="0" errors="0" time="0.301479">
        <testcase name="testSecureUrls with data set #0" assertions="2" time="0.097681"/>
        <testcase name="testSecureUrls with data set #1" assertions="2" time="0.066216"/>
        <testcase name="testSecureUrls with data set #2" assertions="2" time="0.069735"/>
        <testcase name="testSecureUrls with data set #3" assertions="2" time="0.067847"/>
      </testsuite>
    </testsuite>
    <testsuite name="Tests\AppBundle\Form\DataTransformer\TagArrayToStringTransformerTest" file="C:\xampp\htdocs\symjenk\tests\AppBundle\Form\DataTransformer\TagArrayToStringTransformerTest.php" tests="6" assertions="10" failures="0" errors="0" time="0.334931">
      <testcase name="testCreateTheRightAmountOfTags" class="Tests\AppBundle\Form\DataTransformer\TagArrayToStringTransformerTest" file="C:\xampp\htdocs\symjenk\tests\AppBundle\Form\DataTransformer\TagArrayToStringTransformerTest.php" line="29" assertions="2" time="0.334235"/>
      <testcase name="testCreateTheRightAmountOfTagsWithTooManyCommas" class="Tests\AppBundle\Form\DataTransformer\TagArrayToStringTransformerTest" file="C:\xampp\htdocs\symjenk\tests\AppBundle\Form\DataTransformer\TagArrayToStringTransformerTest.php" line="41" assertions="2" time="0.000211"/>
      <testcase name="testTrimNames" class="Tests\AppBundle\Form\DataTransformer\TagArrayToStringTransformerTest" file="C:\xampp\htdocs\symjenk\tests\AppBundle\Form\DataTransformer\TagArrayToStringTransformerTest.php" line="52" assertions="1" time="0.000126"/>
      <testcase name="testDuplicateNames" class="Tests\AppBundle\Form\DataTransformer\TagArrayToStringTransformerTest" file="C:\xampp\htdocs\symjenk\tests\AppBundle\Form\DataTransformer\TagArrayToStringTransformerTest.php" line="62" assertions="1" time="0.000122"/>
      <testcase name="testUsesAlreadyDefinedTags" class="Tests\AppBundle\Form\DataTransformer\TagArrayToStringTransformerTest" file="C:\xampp\htdocs\symjenk\tests\AppBundle\Form\DataTransformer\TagArrayToStringTransformerTest.php" line="72" assertions="3" time="0.000137"/>
      <testcase name="testTransform" class="Tests\AppBundle\Form\DataTransformer\TagArrayToStringTransformerTest" file="C:\xampp\htdocs\symjenk\tests\AppBundle\Form\DataTransformer\TagArrayToStringTransformerTest.php" line="89" assertions="1" time="0.000100"/>
    </testsuite>
    <testsuite name="Tests\AppBundle\Utils\SluggerTest" file="C:\xampp\htdocs\symjenk\tests\AppBundle\Utils\SluggerTest.php" tests="8" assertions="8" failures="0" errors="0" time="0.000536">
      <testsuite name="Tests\AppBundle\Utils\SluggerTest::testSlugify" tests="8" assertions="8" failures="0" errors="0" time="0.000536">
        <testcase name="testSlugify with data set #0" assertions="1" time="0.000078"/>
        <testcase name="testSlugify with data set #1" assertions="1" time="0.000055"/>
        <testcase name="testSlugify with data set #2" assertions="1" time="0.000054"/>
        <testcase name="testSlugify with data set #3" assertions="1" time="0.000051"/>
        <testcase name="testSlugify with data set #4" assertions="1" time="0.000049"/>
        <testcase name="testSlugify with data set #5" assertions="1" time="0.000050"/>
        <testcase name="testSlugify with data set #6" assertions="1" time="0.000051"/>
        <testcase name="testSlugify with data set #7" assertions="1" time="0.000149"/>
      </testsuite>
    </testsuite>
  </testsuite>
</testsuites>
