<?xml version="1.0" encoding="UTF-8"?>
<coverage generated="1492475925">
  <project timestamp="1492475925">
    <package name="AppBundle">
      <file name="C:\xampp\htdocs\symjenk\src/AppBundle/AppBundle.php">
        <class name="AppBundle" namespace="AppBundle">
          <metrics methods="0" coveredmethods="0" conditionals="0" coveredconditionals="0" statements="0" coveredstatements="0" elements="0" coveredelements="0"/>
        </class>
        <metrics loc="44" ncloc="6" classes="1" methods="0" coveredmethods="0" conditionals="0" coveredconditionals="0" statements="0" coveredstatements="0" elements="0" coveredelements="0"/>
      </file>
      <file name="C:\xampp\htdocs\symjenk\src/AppBundle/Events.php">
        <class name="Events" namespace="AppBundle">
          <metrics methods="0" coveredmethods="0" conditionals="0" coveredconditionals="0" statements="0" coveredstatements="0" elements="0" coveredelements="0"/>
        </class>
        <metrics loc="32" ncloc="9" classes="1" methods="0" coveredmethods="0" conditionals="0" coveredconditionals="0" statements="0" coveredstatements="0" elements="0" coveredelements="0"/>
      </file>
    </package>
    <package name="AppBundle\Command">
      <file name="C:\xampp\htdocs\symjenk\src/AppBundle/Command/AddUserCommand.php">
        <class name="AddUserCommand" namespace="AppBundle\Command">
          <metrics methods="10" coveredmethods="3" conditionals="0" coveredconditionals="0" statements="88" coveredstatements="53" elements="98" coveredelements="56"/>
        </class>
        <line num="54" type="method" name="configure" crap="1" count="2"/>
        <line num="56" type="stmt" count="2"/>
        <line num="58" type="stmt" count="2"/>
        <line num="59" type="stmt" count="2"/>
        <line num="60" type="stmt" count="2"/>
        <line num="63" type="stmt" count="2"/>
        <line num="64" type="stmt" count="2"/>
        <line num="65" type="stmt" count="2"/>
        <line num="66" type="stmt" count="2"/>
        <line num="67" type="stmt" count="2"/>
        <line num="69" type="stmt" count="2"/>
        <line num="79" type="method" name="initialize" crap="1" count="2"/>
        <line num="81" type="stmt" count="2"/>
        <line num="82" type="stmt" count="2"/>
        <line num="94" type="method" name="interact" crap="85.13" count="2"/>
        <line num="96" type="stmt" count="2"/>
        <line num="97" type="stmt" count="2"/>
        <line num="101" type="stmt" count="0"/>
        <line num="102" type="stmt" count="0"/>
        <line num="103" type="stmt" count="0"/>
        <line num="106" type="stmt" count="0"/>
        <line num="107" type="stmt" count="0"/>
        <line num="108" type="stmt" count="0"/>
        <line num="109" type="stmt" count="0"/>
        <line num="110" type="stmt" count="0"/>
        <line num="111" type="stmt" count="0"/>
        <line num="112" type="stmt" count="0"/>
        <line num="113" type="stmt" count="0"/>
        <line num="115" type="stmt" count="0"/>
        <line num="116" type="stmt" count="0"/>
        <line num="117" type="stmt" count="0"/>
        <line num="118" type="stmt" count="0"/>
        <line num="119" type="stmt" count="0"/>
        <line num="122" type="stmt" count="0"/>
        <line num="125" type="stmt" count="0"/>
        <line num="126" type="stmt" count="0"/>
        <line num="127" type="stmt" count="0"/>
        <line num="128" type="method" name="anonymous function" crap="6" count="0"/>
        <line num="129" type="stmt" count="0"/>
        <line num="130" type="stmt" count="0"/>
        <line num="133" type="stmt" count="0"/>
        <line num="134" type="stmt" count="0"/>
        <line num="135" type="stmt" count="0"/>
        <line num="137" type="stmt" count="0"/>
        <line num="138" type="stmt" count="0"/>
        <line num="139" type="stmt" count="0"/>
        <line num="140" type="stmt" count="0"/>
        <line num="144" type="stmt" count="0"/>
        <line num="145" type="stmt" count="0"/>
        <line num="146" type="stmt" count="0"/>
        <line num="147" type="stmt" count="0"/>
        <line num="148" type="stmt" count="0"/>
        <line num="149" type="stmt" count="0"/>
        <line num="151" type="stmt" count="0"/>
        <line num="152" type="stmt" count="0"/>
        <line num="153" type="stmt" count="0"/>
        <line num="154" type="stmt" count="0"/>
        <line num="158" type="stmt" count="0"/>
        <line num="159" type="stmt" count="0"/>
        <line num="160" type="stmt" count="0"/>
        <line num="161" type="stmt" count="0"/>
        <line num="162" type="stmt" count="0"/>
        <line num="164" type="stmt" count="0"/>
        <line num="165" type="stmt" count="0"/>
        <line num="166" type="stmt" count="0"/>
        <line num="167" type="stmt" count="0"/>
        <line num="171" type="stmt" count="0"/>
        <line num="172" type="stmt" count="0"/>
        <line num="173" type="stmt" count="0"/>
        <line num="174" type="stmt" count="0"/>
        <line num="175" type="stmt" count="0"/>
        <line num="177" type="stmt" count="0"/>
        <line num="178" type="stmt" count="0"/>
        <line num="179" type="stmt" count="0"/>
        <line num="180" type="stmt" count="0"/>
        <line num="182" type="stmt" count="0"/>
        <line num="188" type="method" name="execute" crap="4.07" count="2"/>
        <line num="190" type="stmt" count="2"/>
        <line num="192" type="stmt" count="2"/>
        <line num="193" type="stmt" count="2"/>
        <line num="194" type="stmt" count="2"/>
        <line num="195" type="stmt" count="2"/>
        <line num="196" type="stmt" count="2"/>
        <line num="199" type="stmt" count="2"/>
        <line num="202" type="stmt" count="2"/>
        <line num="203" type="stmt" count="2"/>
        <line num="204" type="stmt" count="2"/>
        <line num="205" type="stmt" count="2"/>
        <line num="206" type="stmt" count="2"/>
        <line num="209" type="stmt" count="2"/>
        <line num="210" type="stmt" count="2"/>
        <line num="211" type="stmt" count="2"/>
        <line num="213" type="stmt" count="2"/>
        <line num="214" type="stmt" count="2"/>
        <line num="216" type="stmt" count="2"/>
        <line num="217" type="stmt" count="2"/>
        <line num="219" type="stmt" count="2"/>
        <line num="220" type="stmt" count="0"/>
        <line num="221" type="stmt" count="0"/>
        <line num="223" type="stmt" count="0"/>
        <line num="224" type="stmt" count="0"/>
        <line num="225" type="stmt" count="2"/>
        <line num="230" type="method" name="passwordValidator" crap="3.58" count="2"/>
        <line num="232" type="stmt" count="2"/>
        <line num="233" type="stmt" count="0"/>
        <line num="236" type="stmt" count="2"/>
        <line num="237" type="stmt" count="0"/>
        <line num="240" type="stmt" count="2"/>
        <line num="246" type="method" name="emailValidator" crap="3.58" count="2"/>
        <line num="248" type="stmt" count="2"/>
        <line num="249" type="stmt" count="0"/>
        <line num="252" type="stmt" count="2"/>
        <line num="253" type="stmt" count="0"/>
        <line num="256" type="stmt" count="2"/>
        <line num="262" type="method" name="fullNameValidator" crap="2.15" count="2"/>
        <line num="264" type="stmt" count="2"/>
        <line num="265" type="stmt" count="0"/>
        <line num="268" type="stmt" count="2"/>
        <line num="271" type="method" name="validateUserData" crap="3.05" count="2"/>
        <line num="273" type="stmt" count="2"/>
        <line num="276" type="stmt" count="2"/>
        <line num="278" type="stmt" count="2"/>
        <line num="279" type="stmt" count="0"/>
        <line num="283" type="stmt" count="2"/>
        <line num="284" type="stmt" count="2"/>
        <line num="285" type="stmt" count="2"/>
        <line num="288" type="stmt" count="2"/>
        <line num="290" type="stmt" count="2"/>
        <line num="291" type="stmt" count="0"/>
        <line num="293" type="stmt" count="2"/>
        <line num="300" type="method" name="getCommandHelp" crap="1" count="2"/>
        <line num="324" type="stmt" count="2"/>
        <metrics loc="326" ncloc="225" classes="1" methods="10" coveredmethods="3" conditionals="0" coveredconditionals="0" statements="122" coveredstatements="53" elements="132" coveredelements="56"/>
      </file>
      <file name="C:\xampp\htdocs\symjenk\src/AppBundle/Command/DeleteUserCommand.php">
        <class name="DeleteUserCommand" namespace="AppBundle\Command">
          <metrics methods="5" coveredmethods="0" conditionals="0" coveredconditionals="0" statements="67" coveredstatements="0" elements="72" coveredelements="0"/>
        </class>
        <line num="51" type="method" name="configure" crap="2" count="0"/>
        <line num="52" type="stmt" count="0"/>
        <line num="53" type="stmt" count="0"/>
        <line num="54" type="stmt" count="0"/>
        <line num="55" type="stmt" count="0"/>
        <line num="56" type="stmt" count="0"/>
        <line num="57" type="stmt" count="0"/>
        <line num="58" type="stmt" count="0"/>
        <line num="60" type="stmt" count="0"/>
        <line num="62" type="stmt" count="0"/>
        <line num="63" type="stmt" count="0"/>
        <line num="65" type="stmt" count="0"/>
        <line num="66" type="stmt" count="0"/>
        <line num="67" type="stmt" count="0"/>
        <line num="68" type="stmt" count="0"/>
        <line num="70" type="method" name="initialize" crap="2" count="0"/>
        <line num="71" type="stmt" count="0"/>
        <line num="72" type="stmt" count="0"/>
        <line num="73" type="stmt" count="0"/>
        <line num="75" type="method" name="interact" crap="6" count="0"/>
        <line num="76" type="stmt" count="0"/>
        <line num="77" type="stmt" count="0"/>
        <line num="78" type="stmt" count="0"/>
        <line num="79" type="stmt" count="0"/>
        <line num="81" type="stmt" count="0"/>
        <line num="82" type="stmt" count="0"/>
        <line num="83" type="stmt" count="0"/>
        <line num="85" type="stmt" count="0"/>
        <line num="86" type="stmt" count="0"/>
        <line num="87" type="stmt" count="0"/>
        <line num="88" type="stmt" count="0"/>
        <line num="89" type="stmt" count="0"/>
        <line num="90" type="stmt" count="0"/>
        <line num="91" type="stmt" count="0"/>
        <line num="92" type="stmt" count="0"/>
        <line num="94" type="stmt" count="0"/>
        <line num="95" type="stmt" count="0"/>
        <line num="96" type="stmt" count="0"/>
        <line num="97" type="stmt" count="0"/>
        <line num="98" type="stmt" count="0"/>
        <line num="100" type="stmt" count="0"/>
        <line num="102" type="stmt" count="0"/>
        <line num="103" type="stmt" count="0"/>
        <line num="104" type="stmt" count="0"/>
        <line num="106" type="stmt" count="0"/>
        <line num="107" type="stmt" count="0"/>
        <line num="108" type="stmt" count="0"/>
        <line num="110" type="method" name="execute" crap="6" count="0"/>
        <line num="111" type="stmt" count="0"/>
        <line num="112" type="stmt" count="0"/>
        <line num="113" type="stmt" count="0"/>
        <line num="115" type="stmt" count="0"/>
        <line num="117" type="stmt" count="0"/>
        <line num="119" type="stmt" count="0"/>
        <line num="120" type="stmt" count="0"/>
        <line num="121" type="stmt" count="0"/>
        <line num="126" type="stmt" count="0"/>
        <line num="128" type="stmt" count="0"/>
        <line num="129" type="stmt" count="0"/>
        <line num="131" type="stmt" count="0"/>
        <line num="132" type="stmt" count="0"/>
        <line num="133" type="stmt" count="0"/>
        <line num="141" type="method" name="usernameValidator" crap="12" count="0"/>
        <line num="142" type="stmt" count="0"/>
        <line num="143" type="stmt" count="0"/>
        <line num="144" type="stmt" count="0"/>
        <line num="145" type="stmt" count="0"/>
        <line num="147" type="stmt" count="0"/>
        <line num="148" type="stmt" count="0"/>
        <line num="149" type="stmt" count="0"/>
        <line num="151" type="stmt" count="0"/>
        <line num="152" type="stmt" count="0"/>
        <metrics loc="153" ncloc="109" classes="1" methods="5" coveredmethods="0" conditionals="0" coveredconditionals="0" statements="67" coveredstatements="0" elements="72" coveredelements="0"/>
      </file>
      <file name="C:\xampp\htdocs\symjenk\src/AppBundle/Command/ListUsersCommand.php">
        <class name="ListUsersCommand" namespace="AppBundle\Command">
          <metrics methods="5" coveredmethods="0" conditionals="0" coveredconditionals="0" statements="37" coveredstatements="0" elements="42" coveredelements="0"/>
        </class>
        <line num="47" type="method" name="configure" crap="2" count="0"/>
        <line num="48" type="stmt" count="0"/>
        <line num="49" type="stmt" count="0"/>
        <line num="51" type="stmt" count="0"/>
        <line num="52" type="stmt" count="0"/>
        <line num="53" type="stmt" count="0"/>
        <line num="54" type="stmt" count="0"/>
        <line num="56" type="stmt" count="0"/>
        <line num="58" type="stmt" count="0"/>
        <line num="59" type="stmt" count="0"/>
        <line num="61" type="stmt" count="0"/>
        <line num="63" type="stmt" count="0"/>
        <line num="64" type="stmt" count="0"/>
        <line num="66" type="stmt" count="0"/>
        <line num="68" type="stmt" count="0"/>
        <line num="69" type="stmt" count="0"/>
        <line num="72" type="stmt" count="0"/>
        <line num="73" type="stmt" count="0"/>
        <line num="74" type="stmt" count="0"/>
        <line num="75" type="stmt" count="0"/>
        <line num="81" type="method" name="initialize" crap="2" count="0"/>
        <line num="82" type="stmt" count="0"/>
        <line num="83" type="stmt" count="0"/>
        <line num="84" type="stmt" count="0"/>
        <line num="90" type="method" name="execute" crap="6" count="0"/>
        <line num="91" type="stmt" count="0"/>
        <line num="92" type="stmt" count="0"/>
        <line num="94" type="stmt" count="0"/>
        <line num="97" type="method" name="anonymous function" crap="2" count="0"/>
        <line num="98" type="stmt" count="0"/>
        <line num="99" type="stmt" count="0"/>
        <line num="108" type="stmt" count="0"/>
        <line num="110" type="stmt" count="0"/>
        <line num="111" type="stmt" count="0"/>
        <line num="112" type="stmt" count="0"/>
        <line num="113" type="stmt" count="0"/>
        <line num="114" type="stmt" count="0"/>
        <line num="115" type="stmt" count="0"/>
        <line num="118" type="stmt" count="0"/>
        <line num="120" type="stmt" count="0"/>
        <line num="121" type="stmt" count="0"/>
        <line num="122" type="stmt" count="0"/>
        <line num="124" type="stmt" count="0"/>
        <line num="125" type="stmt" count="0"/>
        <line num="133" type="method" name="sendReport" crap="2" count="0"/>
        <line num="134" type="stmt" count="0"/>
        <line num="136" type="stmt" count="0"/>
        <line num="138" type="stmt" count="0"/>
        <line num="139" type="stmt" count="0"/>
        <line num="140" type="stmt" count="0"/>
        <line num="141" type="stmt" count="0"/>
        <line num="142" type="stmt" count="0"/>
        <line num="143" type="stmt" count="0"/>
        <line num="145" type="stmt" count="0"/>
        <line num="146" type="stmt" count="0"/>
        <metrics loc="147" ncloc="77" classes="1" methods="5" coveredmethods="0" conditionals="0" coveredconditionals="0" statements="50" coveredstatements="0" elements="55" coveredelements="0"/>
      </file>
    </package>
    <package name="AppBundle\Controller\Admin">
      <file name="C:\xampp\htdocs\symjenk\src/AppBundle/Controller/Admin/BlogController.php">
        <class name="BlogController" namespace="AppBundle\Controller\Admin">
          <metrics methods="6" coveredmethods="3" conditionals="0" coveredconditionals="0" statements="51" coveredstatements="44" elements="57" coveredelements="47"/>
        </class>
        <line num="55" type="method" name="indexAction" crap="1" count="1"/>
        <line num="57" type="stmt" count="1"/>
        <line num="58" type="stmt" count="1"/>
        <line num="60" type="stmt" count="1"/>
        <line num="73" type="method" name="newAction" crap="4.00" count="1"/>
        <line num="75" type="stmt" count="1"/>
        <line num="76" type="stmt" count="1"/>
        <line num="79" type="stmt" count="1"/>
        <line num="80" type="stmt" count="1"/>
        <line num="82" type="stmt" count="1"/>
        <line num="88" type="stmt" count="1"/>
        <line num="89" type="stmt" count="1"/>
        <line num="91" type="stmt" count="1"/>
        <line num="92" type="stmt" count="1"/>
        <line num="93" type="stmt" count="1"/>
        <line num="99" type="stmt" count="1"/>
        <line num="101" type="stmt" count="1"/>
        <line num="102" type="stmt" count="0"/>
        <line num="105" type="stmt" count="1"/>
        <line num="108" type="stmt" count="1"/>
        <line num="109" type="stmt" count="1"/>
        <line num="110" type="stmt" count="1"/>
        <line num="111" type="stmt" count="1"/>
        <line num="120" type="method" name="showAction" crap="1" count="2"/>
        <line num="124" type="stmt" count="2"/>
        <line num="126" type="stmt" count="2"/>
        <line num="127" type="stmt" count="2"/>
        <line num="128" type="stmt" count="2"/>
        <line num="137" type="method" name="editAction" crap="3" count="1"/>
        <line num="139" type="stmt" count="1"/>
        <line num="141" type="stmt" count="1"/>
        <line num="143" type="stmt" count="1"/>
        <line num="145" type="stmt" count="1"/>
        <line num="147" type="stmt" count="1"/>
        <line num="148" type="stmt" count="1"/>
        <line num="149" type="stmt" count="1"/>
        <line num="151" type="stmt" count="1"/>
        <line num="153" type="stmt" count="1"/>
        <line num="156" type="stmt" count="1"/>
        <line num="157" type="stmt" count="1"/>
        <line num="158" type="stmt" count="1"/>
        <line num="159" type="stmt" count="1"/>
        <line num="172" type="method" name="deleteAction" crap="2.01" count="1"/>
        <line num="174" type="stmt" count="1"/>
        <line num="175" type="stmt" count="0"/>
        <line num="178" type="stmt" count="1"/>
        <line num="183" type="stmt" count="1"/>
        <line num="185" type="stmt" count="1"/>
        <line num="186" type="stmt" count="1"/>
        <line num="188" type="stmt" count="1"/>
        <line num="190" type="stmt" count="1"/>
        <line num="206" type="method" name="commentFormAction" crap="2" count="0"/>
        <line num="208" type="stmt" count="0"/>
        <line num="210" type="stmt" count="0"/>
        <line num="211" type="stmt" count="0"/>
        <line num="212" type="stmt" count="0"/>
        <line num="213" type="stmt" count="0"/>
        <metrics loc="215" ncloc="105" classes="1" methods="6" coveredmethods="3" conditionals="0" coveredconditionals="0" statements="51" coveredstatements="44" elements="57" coveredelements="47"/>
      </file>
    </package>
    <package name="AppBundle\Controller">
      <file name="C:\xampp\htdocs\symjenk\src/AppBundle/Controller/BlogController.php">
        <class name="BlogController" namespace="AppBundle\Controller">
          <metrics methods="4" coveredmethods="2" conditionals="0" coveredconditionals="0" statements="27" coveredstatements="21" elements="31" coveredelements="23"/>
        </class>
        <line num="49" type="method" name="indexAction" crap="1" count="3"/>
        <line num="51" type="stmt" count="3"/>
        <line num="56" type="stmt" count="3"/>
        <line num="68" type="method" name="postShowAction" crap="2.50" count="2"/>
        <line num="76" type="stmt" count="2"/>
        <line num="77" type="stmt" count="0"/>
        <line num="78" type="stmt" count="0"/>
        <line num="80" type="stmt" count="2"/>
        <line num="93" type="method" name="commentNewAction" crap="3.14" count="1"/>
        <line num="95" type="stmt" count="1"/>
        <line num="96" type="stmt" count="1"/>
        <line num="97" type="stmt" count="1"/>
        <line num="99" type="stmt" count="1"/>
        <line num="101" type="stmt" count="1"/>
        <line num="103" type="stmt" count="1"/>
        <line num="104" type="stmt" count="1"/>
        <line num="105" type="stmt" count="1"/>
        <line num="106" type="stmt" count="1"/>
        <line num="113" type="stmt" count="1"/>
        <line num="120" type="stmt" count="1"/>
        <line num="122" type="stmt" count="1"/>
        <line num="125" type="stmt" count="0"/>
        <line num="126" type="stmt" count="0"/>
        <line num="127" type="stmt" count="0"/>
        <line num="128" type="stmt" count="0"/>
        <line num="143" type="method" name="commentFormAction" crap="1" count="1"/>
        <line num="145" type="stmt" count="1"/>
        <line num="147" type="stmt" count="1"/>
        <line num="148" type="stmt" count="1"/>
        <line num="149" type="stmt" count="1"/>
        <line num="150" type="stmt" count="1"/>
        <metrics loc="152" ncloc="56" classes="1" methods="4" coveredmethods="2" conditionals="0" coveredconditionals="0" statements="27" coveredstatements="21" elements="31" coveredelements="23"/>
      </file>
      <file name="C:\xampp\htdocs\symjenk\src/AppBundle/Controller/SecurityController.php">
        <class name="SecurityController" namespace="AppBundle\Controller">
          <metrics methods="3" coveredmethods="1" conditionals="0" coveredconditionals="0" statements="11" coveredstatements="5" elements="14" coveredelements="6"/>
        </class>
        <line num="29" type="method" name="loginAction" crap="1" count="1"/>
        <line num="31" type="stmt" count="1"/>
        <line num="33" type="stmt" count="1"/>
        <line num="35" type="stmt" count="1"/>
        <line num="37" type="stmt" count="1"/>
        <line num="38" type="stmt" count="1"/>
        <line num="49" type="method" name="logoutAction" crap="2" count="0"/>
        <line num="51" type="stmt" count="0"/>
        <line num="67" type="method" name="commentFormAction" crap="2" count="0"/>
        <line num="69" type="stmt" count="0"/>
        <line num="71" type="stmt" count="0"/>
        <line num="72" type="stmt" count="0"/>
        <line num="73" type="stmt" count="0"/>
        <line num="74" type="stmt" count="0"/>
        <metrics loc="77" ncloc="35" classes="1" methods="3" coveredmethods="1" conditionals="0" coveredconditionals="0" statements="11" coveredstatements="5" elements="14" coveredelements="6"/>
      </file>
    </package>
    <package name="AppBundle\DataFixtures">
      <file name="C:\xampp\htdocs\symjenk\src/AppBundle/DataFixtures/FixturesTrait.php">
        <class name="FixturesTrait" namespace="AppBundle\DataFixtures">
          <metrics methods="6" coveredmethods="3" conditionals="0" coveredconditionals="0" statements="59" coveredstatements="42" elements="65" coveredelements="45"/>
        </class>
        <line num="19" type="method" name="getPostContent" crap="1" count="1"/>
        <line num="56" type="stmt" count="1"/>
        <line num="59" type="method" name="getPhrases" crap="1" count="2"/>
        <line num="62" type="stmt" count="2"/>
        <line num="63" type="stmt" count="2"/>
        <line num="64" type="stmt" count="2"/>
        <line num="65" type="stmt" count="2"/>
        <line num="66" type="stmt" count="2"/>
        <line num="67" type="stmt" count="2"/>
        <line num="68" type="stmt" count="2"/>
        <line num="69" type="stmt" count="2"/>
        <line num="70" type="stmt" count="2"/>
        <line num="71" type="stmt" count="2"/>
        <line num="72" type="stmt" count="2"/>
        <line num="73" type="stmt" count="2"/>
        <line num="74" type="stmt" count="2"/>
        <line num="75" type="stmt" count="2"/>
        <line num="76" type="stmt" count="2"/>
        <line num="77" type="stmt" count="2"/>
        <line num="78" type="stmt" count="2"/>
        <line num="79" type="stmt" count="2"/>
        <line num="80" type="stmt" count="2"/>
        <line num="81" type="stmt" count="2"/>
        <line num="82" type="stmt" count="2"/>
        <line num="83" type="stmt" count="2"/>
        <line num="84" type="stmt" count="2"/>
        <line num="85" type="stmt" count="2"/>
        <line num="86" type="stmt" count="2"/>
        <line num="87" type="stmt" count="2"/>
        <line num="88" type="stmt" count="2"/>
        <line num="89" type="stmt" count="2"/>
        <line num="90" type="stmt" count="2"/>
        <line num="91" type="stmt" count="2"/>
        <line num="92" type="stmt" count="2"/>
        <line num="95" type="method" name="getTagNames" crap="2" count="0"/>
        <line num="98" type="stmt" count="0"/>
        <line num="99" type="stmt" count="0"/>
        <line num="100" type="stmt" count="0"/>
        <line num="101" type="stmt" count="0"/>
        <line num="102" type="stmt" count="0"/>
        <line num="103" type="stmt" count="0"/>
        <line num="104" type="stmt" count="0"/>
        <line num="105" type="stmt" count="0"/>
        <line num="106" type="stmt" count="0"/>
        <line num="107" type="stmt" count="0"/>
        <line num="110" type="method" name="getRandomPostTitles" crap="2" count="0"/>
        <line num="112" type="stmt" count="0"/>
        <line num="115" type="stmt" count="0"/>
        <line num="116" type="stmt" count="0"/>
        <line num="117" type="stmt" count="0"/>
        <line num="119" type="stmt" count="0"/>
        <line num="122" type="method" name="getRandomPostSummary" crap="2.06" count="1"/>
        <line num="124" type="stmt" count="1"/>
        <line num="126" type="stmt" count="1"/>
        <line num="127" type="stmt" count="1"/>
        <line num="128" type="stmt" count="1"/>
        <line num="130" type="stmt" count="1"/>
        <line num="131" type="stmt" count="0"/>
        <line num="132" type="stmt" count="0"/>
        <line num="134" type="stmt" count="1"/>
        <line num="137" type="method" name="getRandomCommentContent" crap="1" count="1"/>
        <line num="139" type="stmt" count="1"/>
        <line num="141" type="stmt" count="1"/>
        <line num="142" type="stmt" count="1"/>
        <line num="144" type="stmt" count="1"/>
        <metrics loc="146" ncloc="133" classes="1" methods="6" coveredmethods="3" conditionals="0" coveredconditionals="0" statements="59" coveredstatements="42" elements="65" coveredelements="45"/>
      </file>
    </package>
    <package name="AppBundle\DataFixtures\ORM">
      <file name="C:\xampp\htdocs\symjenk\src/AppBundle/DataFixtures/ORM/PostFixtures.php">
        <class name="PostFixtures" namespace="AppBundle\DataFixtures\ORM">
          <metrics methods="3" coveredmethods="0" conditionals="0" coveredconditionals="0" statements="42" coveredstatements="0" elements="45" coveredelements="0"/>
        </class>
        <line num="43" type="method" name="load" crap="30" count="0"/>
        <line num="44" type="stmt" count="0"/>
        <line num="45" type="stmt" count="0"/>
        <line num="46" type="stmt" count="0"/>
        <line num="48" type="stmt" count="0"/>
        <line num="49" type="stmt" count="0"/>
        <line num="50" type="stmt" count="0"/>
        <line num="51" type="stmt" count="0"/>
        <line num="55" type="stmt" count="0"/>
        <line num="56" type="stmt" count="0"/>
        <line num="59" type="stmt" count="0"/>
        <line num="60" type="stmt" count="0"/>
        <line num="61" type="stmt" count="0"/>
        <line num="63" type="stmt" count="0"/>
        <line num="64" type="stmt" count="0"/>
        <line num="66" type="stmt" count="0"/>
        <line num="67" type="stmt" count="0"/>
        <line num="68" type="stmt" count="0"/>
        <line num="69" type="stmt" count="0"/>
        <line num="71" type="stmt" count="0"/>
        <line num="72" type="stmt" count="0"/>
        <line num="73" type="stmt" count="0"/>
        <line num="75" type="stmt" count="0"/>
        <line num="76" type="stmt" count="0"/>
        <line num="78" type="stmt" count="0"/>
        <line num="79" type="stmt" count="0"/>
        <line num="88" type="method" name="getDependencies" crap="2" count="0"/>
        <line num="89" type="stmt" count="0"/>
        <line num="90" type="stmt" count="0"/>
        <line num="91" type="stmt" count="0"/>
        <line num="92" type="stmt" count="0"/>
        <line num="93" type="stmt" count="0"/>
        <line num="94" type="stmt" count="0"/>
        <line num="96" type="method" name="getRandomTags" crap="12" count="0"/>
        <line num="97" type="stmt" count="0"/>
        <line num="98" type="stmt" count="0"/>
        <line num="100" type="stmt" count="0"/>
        <line num="101" type="stmt" count="0"/>
        <line num="102" type="stmt" count="0"/>
        <line num="104" type="stmt" count="0"/>
        <line num="105" type="stmt" count="0"/>
        <line num="106" type="stmt" count="0"/>
        <line num="107" type="stmt" count="0"/>
        <line num="109" type="stmt" count="0"/>
        <line num="110" type="stmt" count="0"/>
        <metrics loc="111" ncloc="73" classes="1" methods="3" coveredmethods="0" conditionals="0" coveredconditionals="0" statements="42" coveredstatements="0" elements="45" coveredelements="0"/>
      </file>
      <file name="C:\xampp\htdocs\symjenk\src/AppBundle/DataFixtures/ORM/TagFixtures.php">
        <class name="TagFixtures" namespace="AppBundle\DataFixtures\ORM">
          <metrics methods="1" coveredmethods="0" conditionals="0" coveredconditionals="0" statements="9" coveredstatements="0" elements="10" coveredelements="0"/>
        </class>
        <line num="36" type="method" name="load" crap="6" count="0"/>
        <line num="37" type="stmt" count="0"/>
        <line num="38" type="stmt" count="0"/>
        <line num="39" type="stmt" count="0"/>
        <line num="40" type="stmt" count="0"/>
        <line num="42" type="stmt" count="0"/>
        <line num="43" type="stmt" count="0"/>
        <line num="44" type="stmt" count="0"/>
        <line num="46" type="stmt" count="0"/>
        <line num="47" type="stmt" count="0"/>
        <metrics loc="48" ncloc="27" classes="1" methods="1" coveredmethods="0" conditionals="0" coveredconditionals="0" statements="9" coveredstatements="0" elements="10" coveredelements="0"/>
      </file>
      <file name="C:\xampp\htdocs\symjenk\src/AppBundle/DataFixtures/ORM/UserFixtures.php">
        <class name="UserFixtures" namespace="AppBundle\DataFixtures\ORM">
          <metrics methods="1" coveredmethods="0" conditionals="0" coveredconditionals="0" statements="21" coveredstatements="0" elements="22" coveredelements="0"/>
        </class>
        <line num="39" type="method" name="load" crap="2" count="0"/>
        <line num="40" type="stmt" count="0"/>
        <line num="41" type="stmt" count="0"/>
        <line num="43" type="stmt" count="0"/>
        <line num="44" type="stmt" count="0"/>
        <line num="45" type="stmt" count="0"/>
        <line num="46" type="stmt" count="0"/>
        <line num="47" type="stmt" count="0"/>
        <line num="48" type="stmt" count="0"/>
        <line num="49" type="stmt" count="0"/>
        <line num="50" type="stmt" count="0"/>
        <line num="54" type="stmt" count="0"/>
        <line num="56" type="stmt" count="0"/>
        <line num="57" type="stmt" count="0"/>
        <line num="58" type="stmt" count="0"/>
        <line num="59" type="stmt" count="0"/>
        <line num="60" type="stmt" count="0"/>
        <line num="61" type="stmt" count="0"/>
        <line num="62" type="stmt" count="0"/>
        <line num="63" type="stmt" count="0"/>
        <line num="65" type="stmt" count="0"/>
        <line num="66" type="stmt" count="0"/>
        <metrics loc="67" ncloc="38" classes="1" methods="1" coveredmethods="0" conditionals="0" coveredconditionals="0" statements="21" coveredstatements="0" elements="22" coveredelements="0"/>
      </file>
    </package>
    <package name="AppBundle\Entity">
      <file name="C:\xampp\htdocs\symjenk\src/AppBundle/Entity/Comment.php">
        <class name="Comment" namespace="AppBundle\Entity">
          <metrics methods="11" coveredmethods="10" conditionals="0" coveredconditionals="0" statements="17" coveredstatements="15" elements="28" coveredelements="25"/>
        </class>
        <line num="79" type="method" name="__construct" crap="1" count="1"/>
        <line num="81" type="stmt" count="1"/>
        <line num="82" type="stmt" count="1"/>
        <line num="87" type="method" name="isLegitComment" crap="1" count="1"/>
        <line num="89" type="stmt" count="1"/>
        <line num="91" type="stmt" count="1"/>
        <line num="94" type="method" name="getId" crap="1" count="2"/>
        <line num="96" type="stmt" count="2"/>
        <line num="99" type="method" name="getContent" crap="1" count="2"/>
        <line num="101" type="stmt" count="2"/>
        <line num="107" type="method" name="setContent" crap="1" count="1"/>
        <line num="109" type="stmt" count="1"/>
        <line num="110" type="stmt" count="1"/>
        <line num="112" type="method" name="getPublishedAt" crap="1" count="2"/>
        <line num="114" type="stmt" count="2"/>
        <line num="117" type="method" name="setPublishedAt" crap="2" count="0"/>
        <line num="119" type="stmt" count="0"/>
        <line num="120" type="stmt" count="0"/>
        <line num="125" type="method" name="getAuthor" crap="1" count="2"/>
        <line num="127" type="stmt" count="2"/>
        <line num="133" type="method" name="setAuthor" crap="1" count="1"/>
        <line num="135" type="stmt" count="1"/>
        <line num="136" type="stmt" count="1"/>
        <line num="138" type="method" name="getPost" crap="1" count="1"/>
        <line num="140" type="stmt" count="1"/>
        <line num="143" type="method" name="setPost" crap="1" count="1"/>
        <line num="145" type="stmt" count="1"/>
        <line num="146" type="stmt" count="1"/>
        <metrics loc="147" ncloc="77" classes="1" methods="11" coveredmethods="10" conditionals="0" coveredconditionals="0" statements="17" coveredstatements="15" elements="28" coveredelements="25"/>
      </file>
      <file name="C:\xampp\htdocs\symjenk\src/AppBundle/Entity/Post.php">
        <class name="Post" namespace="AppBundle\Entity">
          <metrics methods="20" coveredmethods="16" conditionals="0" coveredconditionals="0" statements="36" coveredstatements="25" elements="56" coveredelements="41"/>
        </class>
        <line num="122" type="method" name="__construct" crap="1" count="1"/>
        <line num="124" type="stmt" count="1"/>
        <line num="125" type="stmt" count="1"/>
        <line num="126" type="stmt" count="1"/>
        <line num="127" type="stmt" count="1"/>
        <line num="129" type="method" name="getId" crap="1" count="5"/>
        <line num="131" type="stmt" count="5"/>
        <line num="134" type="method" name="getTitle" crap="1" count="10"/>
        <line num="136" type="stmt" count="10"/>
        <line num="142" type="method" name="setTitle" crap="1" count="2"/>
        <line num="144" type="stmt" count="2"/>
        <line num="145" type="stmt" count="2"/>
        <line num="147" type="method" name="getSlug" crap="1" count="5"/>
        <line num="149" type="stmt" count="5"/>
        <line num="155" type="method" name="setSlug" crap="1" count="2"/>
        <line num="157" type="stmt" count="2"/>
        <line num="158" type="stmt" count="2"/>
        <line num="160" type="method" name="getContent" crap="1" count="6"/>
        <line num="162" type="stmt" count="6"/>
        <line num="168" type="method" name="setContent" crap="1" count="1"/>
        <line num="170" type="stmt" count="1"/>
        <line num="171" type="stmt" count="1"/>
        <line num="173" type="method" name="getPublishedAt" crap="1" count="10"/>
        <line num="175" type="stmt" count="10"/>
        <line num="178" type="method" name="setPublishedAt" crap="1" count="1"/>
        <line num="180" type="stmt" count="1"/>
        <line num="181" type="stmt" count="1"/>
        <line num="186" type="method" name="getAuthor" crap="1" count="8"/>
        <line num="188" type="stmt" count="8"/>
        <line num="194" type="method" name="setAuthor" crap="1" count="1"/>
        <line num="196" type="stmt" count="1"/>
        <line num="197" type="stmt" count="1"/>
        <line num="199" type="method" name="getComments" crap="1" count="2"/>
        <line num="201" type="stmt" count="2"/>
        <line num="204" type="method" name="addComment" crap="2" count="0"/>
        <line num="206" type="stmt" count="0"/>
        <line num="207" type="stmt" count="0"/>
        <line num="208" type="stmt" count="0"/>
        <line num="210" type="method" name="removeComment" crap="2" count="0"/>
        <line num="212" type="stmt" count="0"/>
        <line num="213" type="stmt" count="0"/>
        <line num="215" type="method" name="getSummary" crap="1" count="7"/>
        <line num="217" type="stmt" count="7"/>
        <line num="223" type="method" name="setSummary" crap="1" count="1"/>
        <line num="225" type="stmt" count="1"/>
        <line num="226" type="stmt" count="1"/>
        <line num="228" type="method" name="addTag" crap="6" count="0"/>
        <line num="230" type="stmt" count="0"/>
        <line num="231" type="stmt" count="0"/>
        <line num="232" type="stmt" count="0"/>
        <line num="233" type="stmt" count="0"/>
        <line num="235" type="method" name="removeTag" crap="2" count="0"/>
        <line num="237" type="stmt" count="0"/>
        <line num="238" type="stmt" count="0"/>
        <line num="240" type="method" name="getTags" crap="1" count="9"/>
        <line num="242" type="stmt" count="9"/>
        <metrics loc="244" ncloc="136" classes="1" methods="20" coveredmethods="16" conditionals="0" coveredconditionals="0" statements="36" coveredstatements="25" elements="56" coveredelements="41"/>
      </file>
      <file name="C:\xampp\htdocs\symjenk\src/AppBundle/Entity/Tag.php">
        <class name="Tag" namespace="AppBundle\Entity">
          <metrics methods="5" coveredmethods="4" conditionals="0" coveredconditionals="0" statements="6" coveredstatements="5" elements="11" coveredelements="9"/>
        </class>
        <line num="44" type="method" name="getId" crap="2" count="0"/>
        <line num="46" type="stmt" count="0"/>
        <line num="52" type="method" name="setName" crap="1" count="6"/>
        <line num="54" type="stmt" count="6"/>
        <line num="55" type="stmt" count="6"/>
        <line num="57" type="method" name="getName" crap="1" count="9"/>
        <line num="59" type="stmt" count="9"/>
        <line num="65" type="method" name="jsonSerialize" crap="1" count="2"/>
        <line num="71" type="stmt" count="2"/>
        <line num="74" type="method" name="__toString" crap="1" count="3"/>
        <line num="76" type="stmt" count="3"/>
        <metrics loc="78" ncloc="36" classes="1" methods="5" coveredmethods="4" conditionals="0" coveredconditionals="0" statements="6" coveredstatements="5" elements="11" coveredelements="9"/>
      </file>
      <file name="C:\xampp\htdocs\symjenk\src/AppBundle/Entity/User.php">
        <class name="User" namespace="AppBundle\Entity">
          <metrics methods="13" coveredmethods="12" conditionals="0" coveredconditionals="0" statements="22" coveredstatements="21" elements="35" coveredelements="33"/>
        </class>
        <line num="76" type="method" name="getId" crap="2" count="0"/>
        <line num="78" type="stmt" count="0"/>
        <line num="84" type="method" name="setFullName" crap="1" count="2"/>
        <line num="86" type="stmt" count="2"/>
        <line num="87" type="stmt" count="2"/>
        <line num="89" type="method" name="getFullName" crap="1" count="8"/>
        <line num="91" type="stmt" count="8"/>
        <line num="94" type="method" name="getUsername" crap="1" count="6"/>
        <line num="96" type="stmt" count="6"/>
        <line num="102" type="method" name="setUsername" crap="1" count="2"/>
        <line num="104" type="stmt" count="2"/>
        <line num="105" type="stmt" count="2"/>
        <line num="107" type="method" name="getEmail" crap="1" count="4"/>
        <line num="109" type="stmt" count="4"/>
        <line num="115" type="method" name="setEmail" crap="1" count="2"/>
        <line num="117" type="stmt" count="2"/>
        <line num="118" type="stmt" count="2"/>
        <line num="120" type="method" name="getPassword" crap="1" count="12"/>
        <line num="122" type="stmt" count="12"/>
        <line num="128" type="method" name="setPassword" crap="1" count="2"/>
        <line num="130" type="stmt" count="2"/>
        <line num="131" type="stmt" count="2"/>
        <line num="136" type="method" name="getRoles" crap="2" count="12"/>
        <line num="138" type="stmt" count="12"/>
        <line num="141" type="stmt" count="12"/>
        <line num="142" type="stmt" count="5"/>
        <line num="143" type="stmt" count="5"/>
        <line num="145" type="stmt" count="12"/>
        <line num="148" type="method" name="setRoles" crap="1" count="2"/>
        <line num="150" type="stmt" count="2"/>
        <line num="151" type="stmt" count="2"/>
        <line num="158" type="method" name="getSalt" crap="1" count="12"/>
        <line num="163" type="stmt" count="12"/>
        <line num="170" type="method" name="eraseCredentials" crap="1" count="10"/>
        <line num="174" type="stmt" count="10"/>
        <metrics loc="175" ncloc="85" classes="1" methods="13" coveredmethods="12" conditionals="0" coveredconditionals="0" statements="22" coveredstatements="21" elements="35" coveredelements="33"/>
      </file>
    </package>
    <package name="AppBundle\EventListener">
      <file name="C:\xampp\htdocs\symjenk\src/AppBundle/EventListener/CheckRequirementsSubscriber.php">
        <class name="CheckRequirementsSubscriber" namespace="AppBundle\EventListener">
          <metrics methods="5" coveredmethods="2" conditionals="0" coveredconditionals="0" statements="22" coveredstatements="10" elements="27" coveredelements="12"/>
        </class>
        <line num="39" type="method" name="__construct" crap="1" count="20"/>
        <line num="41" type="stmt" count="20"/>
        <line num="42" type="stmt" count="20"/>
        <line num="48" type="method" name="getSubscribedEvents" crap="1" count="20"/>
        <line num="53" type="stmt" count="20"/>
        <line num="55" type="stmt" count="20"/>
        <line num="56" type="stmt" count="20"/>
        <line num="66" type="method" name="handleConsoleException" crap="20" count="0"/>
        <line num="68" type="stmt" count="0"/>
        <line num="70" type="stmt" count="0"/>
        <line num="71" type="stmt" count="0"/>
        <line num="72" type="stmt" count="0"/>
        <line num="73" type="stmt" count="0"/>
        <line num="74" type="stmt" count="0"/>
        <line num="75" type="stmt" count="0"/>
        <line num="76" type="stmt" count="0"/>
        <line num="84" type="method" name="handleKernelException" crap="5.58" count="4"/>
        <line num="86" type="stmt" count="4"/>
        <line num="89" type="stmt" count="4"/>
        <line num="92" type="stmt" count="4"/>
        <line num="95" type="stmt" count="4"/>
        <line num="96" type="stmt" count="0"/>
        <line num="97" type="stmt" count="0"/>
        <line num="98" type="stmt" count="4"/>
        <line num="105" type="method" name="isSQLitePlatform" crap="6" count="0"/>
        <line num="107" type="stmt" count="0"/>
        <line num="109" type="stmt" count="0"/>
        <metrics loc="111" ncloc="51" classes="1" methods="5" coveredmethods="2" conditionals="0" coveredconditionals="0" statements="22" coveredstatements="10" elements="27" coveredelements="12"/>
      </file>
      <file name="C:\xampp\htdocs\symjenk\src/AppBundle/EventListener/CommentNotificationListener.php">
        <class name="CommentNotificationListener" namespace="AppBundle\EventListener">
          <metrics methods="2" coveredmethods="2" conditionals="0" coveredconditionals="0" statements="24" coveredstatements="24" elements="26" coveredelements="26"/>
        </class>
        <line num="54" type="method" name="__construct" crap="1" count="1"/>
        <line num="56" type="stmt" count="1"/>
        <line num="57" type="stmt" count="1"/>
        <line num="58" type="stmt" count="1"/>
        <line num="59" type="stmt" count="1"/>
        <line num="60" type="stmt" count="1"/>
        <line num="65" type="method" name="onCommentCreated" crap="1" count="1"/>
        <line num="68" type="stmt" count="1"/>
        <line num="69" type="stmt" count="1"/>
        <line num="71" type="stmt" count="1"/>
        <line num="72" type="stmt" count="1"/>
        <line num="73" type="stmt" count="1"/>
        <line num="74" type="stmt" count="1"/>
        <line num="76" type="stmt" count="1"/>
        <line num="77" type="stmt" count="1"/>
        <line num="78" type="stmt" count="1"/>
        <line num="79" type="stmt" count="1"/>
        <line num="80" type="stmt" count="1"/>
        <line num="85" type="stmt" count="1"/>
        <line num="86" type="stmt" count="1"/>
        <line num="87" type="stmt" count="1"/>
        <line num="88" type="stmt" count="1"/>
        <line num="89" type="stmt" count="1"/>
        <line num="90" type="stmt" count="1"/>
        <line num="96" type="stmt" count="1"/>
        <line num="97" type="stmt" count="1"/>
        <metrics loc="98" ncloc="47" classes="1" methods="2" coveredmethods="2" conditionals="0" coveredconditionals="0" statements="24" coveredstatements="24" elements="26" coveredelements="26"/>
      </file>
      <file name="C:\xampp\htdocs\symjenk\src/AppBundle/EventListener/RedirectToPreferredLocaleListener.php">
        <class name="RedirectToPreferredLocaleListener" namespace="AppBundle\EventListener">
          <metrics methods="2" coveredmethods="0" conditionals="0" coveredconditionals="0" statements="21" coveredstatements="15" elements="23" coveredelements="15"/>
        </class>
        <line num="52" type="method" name="__construct" crap="4.13" count="20"/>
        <line num="54" type="stmt" count="20"/>
        <line num="56" type="stmt" count="20"/>
        <line num="57" type="stmt" count="20"/>
        <line num="58" type="stmt" count="0"/>
        <line num="61" type="stmt" count="20"/>
        <line num="63" type="stmt" count="20"/>
        <line num="64" type="stmt" count="0"/>
        <line num="70" type="stmt" count="20"/>
        <line num="71" type="stmt" count="20"/>
        <line num="72" type="stmt" count="20"/>
        <line num="77" type="method" name="onKernelRequest" crap="6.20" count="16"/>
        <line num="79" type="stmt" count="16"/>
        <line num="82" type="stmt" count="16"/>
        <line num="83" type="stmt" count="15"/>
        <line num="87" type="stmt" count="1"/>
        <line num="88" type="stmt" count="0"/>
        <line num="91" type="stmt" count="1"/>
        <line num="93" type="stmt" count="1"/>
        <line num="94" type="stmt" count="0"/>
        <line num="95" type="stmt" count="0"/>
        <line num="96" type="stmt" count="0"/>
        <line num="97" type="stmt" count="1"/>
        <metrics loc="98" ncloc="49" classes="1" methods="2" coveredmethods="0" conditionals="0" coveredconditionals="0" statements="21" coveredstatements="15" elements="23" coveredelements="15"/>
      </file>
    </package>
    <package name="AppBundle\Form">
      <file name="C:\xampp\htdocs\symjenk\src/AppBundle/Form/CommentType.php">
        <class name="CommentType" namespace="AppBundle\Form">
          <metrics methods="2" coveredmethods="2" conditionals="0" coveredconditionals="0" statements="6" coveredstatements="6" elements="8" coveredelements="8"/>
        </class>
        <line num="34" type="method" name="buildForm" crap="1" count="1"/>
        <line num="43" type="stmt" count="1"/>
        <line num="45" type="stmt" count="1"/>
        <line num="50" type="method" name="configureOptions" crap="1" count="1"/>
        <line num="52" type="stmt" count="1"/>
        <line num="53" type="stmt" count="1"/>
        <line num="54" type="stmt" count="1"/>
        <line num="55" type="stmt" count="1"/>
        <metrics loc="56" ncloc="22" classes="1" methods="2" coveredmethods="2" conditionals="0" coveredconditionals="0" statements="6" coveredstatements="6" elements="8" coveredelements="8"/>
      </file>
      <file name="C:\xampp\htdocs\symjenk\src/AppBundle/Form/PostType.php">
        <class name="PostType" namespace="AppBundle\Form">
          <metrics methods="2" coveredmethods="2" conditionals="0" coveredconditionals="0" statements="23" coveredstatements="23" elements="25" coveredelements="25"/>
        </class>
        <line num="34" type="method" name="buildForm" crap="1" count="2"/>
        <line num="46" type="stmt" count="2"/>
        <line num="47" type="stmt" count="2"/>
        <line num="48" type="stmt" count="2"/>
        <line num="49" type="stmt" count="2"/>
        <line num="50" type="stmt" count="2"/>
        <line num="51" type="stmt" count="2"/>
        <line num="52" type="stmt" count="2"/>
        <line num="53" type="stmt" count="2"/>
        <line num="54" type="stmt" count="2"/>
        <line num="55" type="stmt" count="2"/>
        <line num="56" type="stmt" count="2"/>
        <line num="57" type="stmt" count="2"/>
        <line num="58" type="stmt" count="2"/>
        <line num="59" type="stmt" count="2"/>
        <line num="60" type="stmt" count="2"/>
        <line num="61" type="stmt" count="2"/>
        <line num="62" type="stmt" count="2"/>
        <line num="63" type="stmt" count="2"/>
        <line num="65" type="stmt" count="2"/>
        <line num="70" type="method" name="configureOptions" crap="1" count="2"/>
        <line num="72" type="stmt" count="2"/>
        <line num="73" type="stmt" count="2"/>
        <line num="74" type="stmt" count="2"/>
        <line num="75" type="stmt" count="2"/>
        <metrics loc="76" ncloc="41" classes="1" methods="2" coveredmethods="2" conditionals="0" coveredconditionals="0" statements="23" coveredstatements="23" elements="25" coveredelements="25"/>
      </file>
    </package>
    <package name="AppBundle\Form\DataTransformer">
      <file name="C:\xampp\htdocs\symjenk\src/AppBundle/Form/DataTransformer/TagArrayToStringTransformer.php">
        <class name="TagArrayToStringTransformer" namespace="AppBundle\Form\DataTransformer">
          <metrics methods="3" coveredmethods="3" conditionals="0" coveredconditionals="0" statements="16" coveredstatements="16" elements="19" coveredelements="19"/>
        </class>
        <line num="31" type="method" name="__construct" crap="1" count="8"/>
        <line num="33" type="stmt" count="8"/>
        <line num="34" type="stmt" count="8"/>
        <line num="39" type="method" name="transform" crap="1" count="3"/>
        <line num="46" type="stmt" count="3"/>
        <line num="52" type="method" name="reverseTransform" crap="4" count="7"/>
        <line num="54" type="stmt" count="7"/>
        <line num="55" type="stmt" count="1"/>
        <line num="58" type="stmt" count="6"/>
        <line num="61" type="stmt" count="6"/>
        <line num="62" type="stmt" count="6"/>
        <line num="63" type="stmt" count="6"/>
        <line num="64" type="stmt" count="6"/>
        <line num="65" type="stmt" count="6"/>
        <line num="66" type="stmt" count="5"/>
        <line num="67" type="stmt" count="5"/>
        <line num="68" type="stmt" count="5"/>
        <line num="72" type="stmt" count="6"/>
        <line num="76" type="stmt" count="6"/>
        <metrics loc="78" ncloc="38" classes="1" methods="3" coveredmethods="3" conditionals="0" coveredconditionals="0" statements="16" coveredstatements="16" elements="19" coveredelements="19"/>
      </file>
    </package>
    <package name="AppBundle\Form\Type">
      <file name="C:\xampp\htdocs\symjenk\src/AppBundle/Form/Type/DateTimePickerType.php">
        <class name="DateTimePickerType" namespace="AppBundle\Form\Type">
          <metrics methods="4" coveredmethods="4" conditionals="0" coveredconditionals="0" statements="10" coveredstatements="10" elements="14" coveredelements="14"/>
        </class>
        <line num="33" type="method" name="__construct" crap="1" count="2"/>
        <line num="35" type="stmt" count="2"/>
        <line num="36" type="stmt" count="2"/>
        <line num="41" type="method" name="buildView" crap="1" count="2"/>
        <line num="43" type="stmt" count="2"/>
        <line num="44" type="stmt" count="2"/>
        <line num="45" type="stmt" count="2"/>
        <line num="50" type="method" name="configureOptions" crap="1" count="2"/>
        <line num="52" type="stmt" count="2"/>
        <line num="53" type="stmt" count="2"/>
        <line num="54" type="stmt" count="2"/>
        <line num="55" type="stmt" count="2"/>
        <line num="60" type="method" name="getParent" crap="1" count="2"/>
        <line num="62" type="stmt" count="2"/>
        <metrics loc="64" ncloc="39" classes="1" methods="4" coveredmethods="4" conditionals="0" coveredconditionals="0" statements="10" coveredstatements="10" elements="14" coveredelements="14"/>
      </file>
      <file name="C:\xampp\htdocs\symjenk\src/AppBundle/Form/Type/TagsInputType.php">
        <class name="TagsInputType" namespace="AppBundle\Form\Type">
          <metrics methods="4" coveredmethods="4" conditionals="0" coveredconditionals="0" statements="8" coveredstatements="8" elements="12" coveredelements="12"/>
        </class>
        <line num="36" type="method" name="__construct" crap="1" count="2"/>
        <line num="38" type="stmt" count="2"/>
        <line num="39" type="stmt" count="2"/>
        <line num="44" type="method" name="buildForm" crap="1" count="2"/>
        <line num="51" type="stmt" count="2"/>
        <line num="52" type="stmt" count="2"/>
        <line num="54" type="stmt" count="2"/>
        <line num="59" type="method" name="buildView" crap="1" count="2"/>
        <line num="61" type="stmt" count="2"/>
        <line num="62" type="stmt" count="2"/>
        <line num="67" type="method" name="getParent" crap="1" count="2"/>
        <line num="69" type="stmt" count="2"/>
        <metrics loc="71" ncloc="38" classes="1" methods="4" coveredmethods="4" conditionals="0" coveredconditionals="0" statements="8" coveredstatements="8" elements="12" coveredelements="12"/>
      </file>
    </package>
    <package name="AppBundle\Repository">
      <file name="C:\xampp\htdocs\symjenk\src/AppBundle/Repository/PostRepository.php">
        <class name="PostRepository" namespace="AppBundle\Repository">
          <metrics methods="2" coveredmethods="2" conditionals="0" coveredconditionals="0" statements="10" coveredstatements="10" elements="12" coveredelements="12"/>
        </class>
        <line num="37" type="method" name="findLatest" crap="1" count="3"/>
        <line num="39" type="stmt" count="3"/>
        <line num="40" type="stmt" count="3"/>
        <line num="46" type="stmt" count="3"/>
        <line num="47" type="stmt" count="3"/>
        <line num="48" type="stmt" count="3"/>
        <line num="50" type="stmt" count="3"/>
        <line num="53" type="method" name="createPaginator" crap="1" count="3"/>
        <line num="55" type="stmt" count="3"/>
        <line num="56" type="stmt" count="3"/>
        <line num="57" type="stmt" count="3"/>
        <line num="59" type="stmt" count="3"/>
        <metrics loc="61" ncloc="38" classes="1" methods="2" coveredmethods="2" conditionals="0" coveredconditionals="0" statements="10" coveredstatements="10" elements="12" coveredelements="12"/>
      </file>
      <file name="C:\xampp\htdocs\symjenk\src/AppBundle/Repository/UserRepository.php">
        <class name="UserRepository" namespace="AppBundle\Repository">
          <metrics methods="0" coveredmethods="0" conditionals="0" coveredconditionals="0" statements="0" coveredstatements="0" elements="0" coveredelements="0"/>
        </class>
        <metrics loc="28" ncloc="10" classes="1" methods="0" coveredmethods="0" conditionals="0" coveredconditionals="0" statements="0" coveredstatements="0" elements="0" coveredelements="0"/>
      </file>
    </package>
    <package name="AppBundle\Security">
      <file name="C:\xampp\htdocs\symjenk\src/AppBundle/Security/PostVoter.php">
        <class name="PostVoter" namespace="AppBundle\Security">
          <metrics methods="2" coveredmethods="2" conditionals="0" coveredconditionals="0" statements="5" coveredstatements="5" elements="7" coveredelements="7"/>
        </class>
        <line num="38" type="method" name="supports" crap="2" count="16"/>
        <line num="41" type="stmt" count="16"/>
        <line num="47" type="method" name="voteOnAttribute" crap="2" count="5"/>
        <line num="49" type="stmt" count="5"/>
        <line num="52" type="stmt" count="5"/>
        <line num="53" type="stmt" count="1"/>
        <line num="59" type="stmt" count="4"/>
        <metrics loc="61" ncloc="25" classes="1" methods="2" coveredmethods="2" conditionals="0" coveredconditionals="0" statements="5" coveredstatements="5" elements="7" coveredelements="7"/>
      </file>
    </package>
    <package name="AppBundle\Twig">
      <file name="C:\xampp\htdocs\symjenk\src/AppBundle/Twig/AppExtension.php">
        <class name="AppExtension" namespace="AppBundle\Twig">
          <metrics methods="6" coveredmethods="4" conditionals="0" coveredconditionals="0" statements="15" coveredstatements="11" elements="21" coveredelements="15"/>
        </class>
        <line num="42" type="method" name="__construct" crap="1" count="16"/>
        <line num="44" type="stmt" count="16"/>
        <line num="45" type="stmt" count="16"/>
        <line num="46" type="stmt" count="16"/>
        <line num="51" type="method" name="getFilters" crap="2" count="0"/>
        <line num="54" type="stmt" count="0"/>
        <line num="55" type="stmt" count="0"/>
        <line num="61" type="method" name="getFunctions" crap="2" count="0"/>
        <line num="64" type="stmt" count="0"/>
        <line num="65" type="stmt" count="0"/>
        <line num="75" type="method" name="markdownToHtml" crap="1" count="6"/>
        <line num="77" type="stmt" count="6"/>
        <line num="87" type="method" name="getLocales" crap="2" count="10"/>
        <line num="89" type="stmt" count="10"/>
        <line num="91" type="stmt" count="10"/>
        <line num="92" type="stmt" count="10"/>
        <line num="93" type="stmt" count="10"/>
        <line num="94" type="stmt" count="10"/>
        <line num="96" type="stmt" count="10"/>
        <line num="102" type="method" name="getName" crap="1" count="16"/>
        <line num="106" type="stmt" count="16"/>
        <metrics loc="108" ncloc="54" classes="1" methods="6" coveredmethods="4" conditionals="0" coveredconditionals="0" statements="15" coveredstatements="11" elements="21" coveredelements="15"/>
      </file>
    </package>
    <package name="AppBundle\Utils">
      <file name="C:\xampp\htdocs\symjenk\src/AppBundle/Utils/Markdown.php">
        <class name="Markdown" namespace="AppBundle\Utils">
          <metrics methods="2" coveredmethods="2" conditionals="0" coveredconditionals="0" statements="9" coveredstatements="9" elements="11" coveredelements="11"/>
        </class>
        <line num="34" type="method" name="__construct" crap="1" count="16"/>
        <line num="36" type="stmt" count="16"/>
        <line num="38" type="stmt" count="16"/>
        <line num="39" type="stmt" count="16"/>
        <line num="40" type="stmt" count="16"/>
        <line num="41" type="stmt" count="16"/>
        <line num="42" type="stmt" count="16"/>
        <line num="49" type="method" name="toHtml" crap="1" count="6"/>
        <line num="51" type="stmt" count="6"/>
        <line num="52" type="stmt" count="6"/>
        <line num="54" type="stmt" count="6"/>
        <metrics loc="56" ncloc="27" classes="1" methods="2" coveredmethods="2" conditionals="0" coveredconditionals="0" statements="9" coveredstatements="9" elements="11" coveredelements="11"/>
      </file>
      <file name="C:\xampp\htdocs\symjenk\src/AppBundle/Utils/MomentFormatConverter.php">
        <class name="MomentFormatConverter" namespace="AppBundle\Utils">
          <metrics methods="1" coveredmethods="1" conditionals="0" coveredconditionals="0" statements="1" coveredstatements="1" elements="2" coveredelements="2"/>
        </class>
        <line num="48" type="method" name="convert" crap="1" count="2"/>
        <line num="50" type="stmt" count="2"/>
        <metrics loc="52" ncloc="15" classes="1" methods="1" coveredmethods="1" conditionals="0" coveredconditionals="0" statements="1" coveredstatements="1" elements="2" coveredelements="2"/>
      </file>
      <file name="C:\xampp\htdocs\symjenk\src/AppBundle/Utils/Slugger.php">
        <class name="Slugger" namespace="AppBundle\Utils">
          <metrics methods="1" coveredmethods="1" conditionals="0" coveredconditionals="0" statements="1" coveredstatements="1" elements="2" coveredelements="2"/>
        </class>
        <line num="28" type="method" name="slugify" crap="1" count="10"/>
        <line num="30" type="stmt" count="10"/>
        <metrics loc="32" ncloc="12" classes="1" methods="1" coveredmethods="1" conditionals="0" coveredconditionals="0" statements="1" coveredstatements="1" elements="2" coveredelements="2"/>
      </file>
    </package>
    <package name="CodeExplorerBundle">
      <file name="C:\xampp\htdocs\symjenk\src/CodeExplorerBundle/CodeExplorerBundle.php">
        <class name="CodeExplorerBundle" namespace="CodeExplorerBundle">
          <metrics methods="0" coveredmethods="0" conditionals="0" coveredconditionals="0" statements="0" coveredstatements="0" elements="0" coveredelements="0"/>
        </class>
        <metrics loc="21" ncloc="10" classes="1" methods="0" coveredmethods="0" conditionals="0" coveredconditionals="0" statements="0" coveredstatements="0" elements="0" coveredelements="0"/>
      </file>
    </package>
    <package name="CodeExplorerBundle\DependencyInjection">
      <file name="C:\xampp\htdocs\symjenk\src/CodeExplorerBundle/DependencyInjection/CodeExplorerExtension.php">
        <class name="CodeExplorerExtension" namespace="CodeExplorerBundle\DependencyInjection">
          <metrics methods="1" coveredmethods="0" conditionals="0" coveredconditionals="0" statements="4" coveredstatements="0" elements="5" coveredelements="0"/>
        </class>
        <line num="24" type="method" name="load" crap="2" count="0"/>
        <line num="25" type="stmt" count="0"/>
        <line num="26" type="stmt" count="0"/>
        <line num="28" type="stmt" count="0"/>
        <line num="29" type="stmt" count="0"/>
        <metrics loc="30" ncloc="19" classes="1" methods="1" coveredmethods="0" conditionals="0" coveredconditionals="0" statements="4" coveredstatements="0" elements="5" coveredelements="0"/>
      </file>
    </package>
    <package name="CodeExplorerBundle\EventListener">
      <file name="C:\xampp\htdocs\symjenk\src/CodeExplorerBundle/EventListener/ControllerListener.php">
        <class name="ControllerListener" namespace="CodeExplorerBundle\EventListener">
          <metrics methods="2" coveredmethods="2" conditionals="0" coveredconditionals="0" statements="6" coveredstatements="6" elements="8" coveredelements="8"/>
        </class>
        <line num="34" type="method" name="__construct" crap="1" count="16"/>
        <line num="36" type="stmt" count="16"/>
        <line num="37" type="stmt" count="16"/>
        <line num="39" type="method" name="registerCurrentController" crap="2" count="16"/>
        <line num="44" type="stmt" count="16"/>
        <line num="45" type="stmt" count="12"/>
        <line num="46" type="stmt" count="12"/>
        <line num="47" type="stmt" count="16"/>
        <metrics loc="48" ncloc="21" classes="1" methods="2" coveredmethods="2" conditionals="0" coveredconditionals="0" statements="6" coveredstatements="6" elements="8" coveredelements="8"/>
      </file>
    </package>
    <package name="CodeExplorerBundle\Twig">
      <file name="C:\xampp\htdocs\symjenk\src/CodeExplorerBundle/Twig/SourceCodeExtension.php">
        <class name="SourceCodeExtension" namespace="CodeExplorerBundle\Twig">
          <metrics methods="10" coveredmethods="7" conditionals="0" coveredconditionals="0" statements="39" coveredstatements="32" elements="49" coveredelements="39"/>
        </class>
        <line num="28" type="method" name="__construct" crap="1" count="16"/>
        <line num="30" type="stmt" count="16"/>
        <line num="31" type="stmt" count="16"/>
        <line num="33" type="method" name="setController" crap="1" count="12"/>
        <line num="35" type="stmt" count="12"/>
        <line num="36" type="stmt" count="12"/>
        <line num="41" type="method" name="getFunctions" crap="2" count="0"/>
        <line num="44" type="stmt" count="0"/>
        <line num="45" type="stmt" count="0"/>
        <line num="48" type="method" name="showSourceCode" crap="1" count="10"/>
        <line num="50" type="stmt" count="10"/>
        <line num="51" type="stmt" count="10"/>
        <line num="52" type="stmt" count="10"/>
        <line num="53" type="stmt" count="10"/>
        <line num="56" type="method" name="getController" crap="2.00" count="10"/>
        <line num="59" type="stmt" count="10"/>
        <line num="60" type="stmt" count="0"/>
        <line num="63" type="stmt" count="10"/>
        <line num="65" type="stmt" count="10"/>
        <line num="66" type="stmt" count="10"/>
        <line num="67" type="stmt" count="10"/>
        <line num="70" type="stmt" count="10"/>
        <line num="71" type="stmt" count="10"/>
        <line num="72" type="stmt" count="10"/>
        <line num="73" type="stmt" count="10"/>
        <line num="85" type="method" name="getCallableReflector" crap="8.74" count="10"/>
        <line num="87" type="stmt" count="10"/>
        <line num="88" type="stmt" count="10"/>
        <line num="91" type="stmt" count="0"/>
        <line num="92" type="stmt" count="0"/>
        <line num="94" type="stmt" count="0"/>
        <line num="97" type="stmt" count="0"/>
        <line num="100" type="method" name="getTemplateSource" crap="1" count="10"/>
        <line num="102" type="stmt" count="10"/>
        <line num="109" type="stmt" count="10"/>
        <line num="110" type="stmt" count="10"/>
        <line num="111" type="stmt" count="10"/>
        <line num="112" type="stmt" count="10"/>
        <line num="123" type="method" name="unindentCode" crap="3" count="10"/>
        <line num="125" type="stmt" count="10"/>
        <line num="126" type="stmt" count="10"/>
        <line num="129" type="stmt" count="10"/>
        <line num="130" type="stmt" count="10"/>
        <line num="132" type="stmt" count="10"/>
        <line num="133" type="method" name="anonymous function" crap="1" count="10"/>
        <line num="134" type="stmt" count="10"/>
        <line num="135" type="stmt" count="10"/>
        <line num="136" type="stmt" count="10"/>
        <line num="137" type="stmt" count="10"/>
        <line num="139" type="stmt" count="10"/>
        <line num="143" type="method" name="getName" crap="1" count="16"/>
        <line num="145" type="stmt" count="16"/>
        <metrics loc="147" ncloc="98" classes="1" methods="10" coveredmethods="7" conditionals="0" coveredconditionals="0" statements="42" coveredstatements="35" elements="52" coveredelements="42"/>
      </file>
    </package>
    <metrics files="35" loc="3458" ncloc="1881" classes="35" methods="144" coveredmethods="94" conditionals="0" coveredconditionals="0" statements="763" coveredstatements="421" elements="907" coveredelements="515"/>
  </project>
</coverage>
